<?xml version="1.0" encoding="UTF-8"?>
<testng-results skipped="0" failed="0" ignored="0" total="2" passed="2">
  <reporter-output>
  </reporter-output>
  <suite name="Suite" duration-ms="27224" started-at="2021-03-03T11:39:38 IST" finished-at="2021-03-03T11:40:05 IST">
    <groups>
    </groups>
    <test name="Test" duration-ms="27224" started-at="2021-03-03T11:39:38 IST" finished-at="2021-03-03T11:40:05 IST">
      <class name="com.OrangeHRM.OrangeHRM_MouseOver">
        <test-method status="PASS" signature="beforeTest()[pri:0, instance:com.OrangeHRM.OrangeHRM_MouseOver@c46bcd4]" name="beforeTest" is-config="true" duration-ms="9792" started-at="2021-03-03T11:39:38 IST" finished-at="2021-03-03T11:39:48 IST">
          <reporter-output>
          </reporter-output>
        </test-method> <!-- beforeTest -->
        <test-method status="PASS" signature="Login()[pri:1, instance:com.OrangeHRM.OrangeHRM_MouseOver@c46bcd4]" name="Login" duration-ms="14702" started-at="2021-03-03T11:39:48 IST" finished-at="2021-03-03T11:40:03 IST">
          <reporter-output>
          </reporter-output>
        </test-method> <!-- Login -->
        <test-method status="PASS" signature="Logout()[pri:2, instance:com.OrangeHRM.OrangeHRM_MouseOver@c46bcd4]" name="Logout" duration-ms="1924" started-at="2021-03-03T11:40:03 IST" finished-at="2021-03-03T11:40:05 IST">
          <reporter-output>
          </reporter-output>
        </test-method> <!-- Logout -->
        <test-method status="PASS" signature="afterTest()[pri:0, instance:com.OrangeHRM.OrangeHRM_MouseOver@c46bcd4]" name="afterTest" is-config="true" duration-ms="731" started-at="2021-03-03T11:40:05 IST" finished-at="2021-03-03T11:40:05 IST">
          <reporter-output>
          </reporter-output>
        </test-method> <!-- afterTest -->
      </class> <!-- com.OrangeHRM.OrangeHRM_MouseOver -->
    </test> <!-- Test -->
  </suite> <!-- Suite -->
</testng-results>
